[INFO  - 2017-07-28T01:44:05.396Z] GhostDriver - Main - running on port 54116
[INFO  - 2017-07-28T01:44:08.911Z] Session [3f8134f0-7336-11e7-9432-93cfc2e3df4c] - page.settings - {"XSSAuditingEnabled":false,"javascriptCanCloseWindows":true,"javascriptCanOpenWindows":true,"javascriptEnabled":true,"loadImages":true,"localToRemoteUrlAccessEnabled":false,"userAgent":"Mozilla/5.0 (Windows NT 6.1; WOW64) AppleWebKit/538.1 (KHTML, like Gecko) PhantomJS/2.1.1 Safari/538.1","webSecurityEnabled":true}
[INFO  - 2017-07-28T01:44:08.912Z] Session [3f8134f0-7336-11e7-9432-93cfc2e3df4c] - page.customHeaders:  - {}
[INFO  - 2017-07-28T01:44:08.912Z] Session [3f8134f0-7336-11e7-9432-93cfc2e3df4c] - Session.negotiatedCapabilities - {"browserName":"phantomjs","version":"2.1.1","driverName":"ghostdriver","driverVersion":"1.2.0","platform":"windows-7-32bit","javascriptEnabled":true,"takesScreenshot":true,"handlesAlerts":false,"databaseEnabled":false,"locationContextEnabled":false,"applicationCacheEnabled":false,"browserConnectionEnabled":false,"cssSelectorsEnabled":true,"webStorageEnabled":false,"rotatable":false,"acceptSslCerts":false,"nativeEvents":true,"proxy":{"proxyType":"direct"}}
[INFO  - 2017-07-28T01:44:08.912Z] SessionManagerReqHand - _postNewSessionCommand - New Session Created: 3f8134f0-7336-11e7-9432-93cfc2e3df4c
[ERROR - 2017-07-28T01:44:16.377Z] WebElementLocator - _handleLocateCommand - Element(s) NOT Found: GAVE UP. Search Stop Time: 1501206256338

  phantomjs://platform/console++.js:263 in error
[ERROR - 2017-07-28T01:44:17.540Z] WebElementLocator - _handleLocateCommand - Element(s) NOT Found: GAVE UP. Search Stop Time: 1501206257504

  phantomjs://platform/console++.js:263 in error
[ERROR - 2017-07-28T01:44:18.568Z] WebElementLocator - _handleLocateCommand - Element(s) NOT Found: GAVE UP. Search Stop Time: 1501206258523

  phantomjs://platform/console++.js:263 in error
[ERROR - 2017-07-28T01:44:19.673Z] WebElementLocator - _handleLocateCommand - Element(s) NOT Found: GAVE UP. Search Stop Time: 1501206259649

  phantomjs://platform/console++.js:263 in error
[ERROR - 2017-07-28T01:44:20.452Z] WebElementLocator - _handleLocateCommand - Element(s) NOT Found: GAVE UP. Search Stop Time: 1501206260381

  phantomjs://platform/console++.js:263 in error
[ERROR - 2017-07-28T01:44:26.951Z] WebElementLocator - _handleLocateCommand - Element(s) NOT Found: GAVE UP. Search Stop Time: 1501206266945

  phantomjs://platform/console++.js:263 in error
[ERROR - 2017-07-28T01:44:28.052Z] WebElementLocator - _handleLocateCommand - Element(s) NOT Found: GAVE UP. Search Stop Time: 1501206268009

  phantomjs://platform/console++.js:263 in error
[ERROR - 2017-07-28T01:44:28.899Z] WebElementLocator - _handleLocateCommand - Element(s) NOT Found: GAVE UP. Search Stop Time: 1501206268857

  phantomjs://platform/console++.js:263 in error
[ERROR - 2017-07-28T01:44:29.737Z] WebElementLocator - _handleLocateCommand - Element(s) NOT Found: GAVE UP. Search Stop Time: 1501206269693

  phantomjs://platform/console++.js:263 in error
[ERROR - 2017-07-28T01:44:30.781Z] WebElementLocator - _handleLocateCommand - Element(s) NOT Found: GAVE UP. Search Stop Time: 1501206270771

  phantomjs://platform/console++.js:263 in error
